
Program started
Program started
Program started
Program started
Program started
Program started
Program started
Malformed links
Malformed links
Malformed links
Malformed links
Malformed links
Malformed links
Malformed links
Malformed links
Malformed links
Malformed links
Malformed links
Malformed links
Malformed links
Malformed links
Malformed links
Malformed links
Malformed links
Malformed links
Malformed links
Malformed links
Malformed links
Malformed links
Malformed links
Malformed links
Malformed links
Malformed links
Malformed links
Malformed links
Malformed links
Malformed links
Malformed links
Malformed links
Malformed links
Malformed links
Malformed links
Malformed links
Malformed links
Malformed links
Malformed links
Malformed links
Malformed links
Malformed links
Malformed links
Malformed links
Malformed links
Malformed links
Malformed links
Malformed links
Malformed links
Malformed links
Malformed links
Malformed links
Malformed links
Malformed links
Malformed links
Malformed links
Malformed links
Malformed links
Malformed links
Malformed links
Malformed links
Malformed links
Malformed links
Malformed links
Malformed links
Malformed links
Malformed links
Malformed links
Malformed links
Malformed links
Malformed links
Malformed links
Malformed links
Malformed links
Malformed links
Malformed links
Malformed links
Malformed links
Malformed links
Malformed links
Malformed links
Client error. Error code: 404
File download failed for file /640
File /640 failed to download
Client error. Error code: 404
File download failed for file /centre
File /centre failed to download
Client error. Error code: 404
File download failed for file /TR183.pdf
File /TR183.pdf failed to download
Client error. Error code: 404
File download failed for file /TR186.pdf
File /TR186.pdf failed to download
